<?xml version="1.0" encoding="UTF-8"?>
<!-- Generated by org.testng.reporters.JUnitXMLReporter -->
<testsuite ignored="0" hostname="WINAA20CC6M3" failures="0" tests="10" name="Command line test e20ad4e4-679b-4a6e-b502-538b2745cf38" time="232.501" errors="0" timestamp="22 Jan 2025 05:49:50 GMT">
  <testcase classname="org.netlife.webTestScripts.TC1" name="TC1_definition" time="11.972"/>
  <testcase classname="org.netlife.webTestScripts.TC1" name="TC1_definition" time="10.705"/>
  <testcase classname="org.netlife.webTestScripts.TC2" name="TC2_definition" time="15.324"/>
  <testcase classname="org.netlife.webTestScripts.TC3" name="TC3_definition" time="21.671"/>
  <testcase classname="org.netlife.webTestScripts.TC4" name="TC4_definition" time="5.629"/>
  <testcase classname="org.netlife.webTestScripts.TC5" name="TC5_definition" time="14.961"/>
  <testcase classname="org.netlife.webTestScripts.TC6" name="TC6_definition" time="12.704"/>
  <testcase classname="org.netlife.webTestScripts.TC9" name="TC9_definition" time="19.98"/>
  <testcase classname="org.netlife.webTestScripts.TC10" name="TC10_definition" time="27.175"/>
  <testcase classname="org.netlife.webTestScripts.TC11" name="TC11_definition" time="22.701"/>
</testsuite> <!-- Command line test e20ad4e4-679b-4a6e-b502-538b2745cf38 -->
