<?xml version="1.0" encoding="UTF-8"?>
<!-- Generated by org.testng.reporters.JUnitXMLReporter -->
<testsuite ignored="0" hostname="WINAA20CC6M3" failures="0" tests="7" name="Command line test 9bfeeed8-f287-41e3-b241-eb313f6b9214" time="127.633" errors="0" timestamp="22 Jan 2025 14:42:35 GMT">
  <testcase classname="org.netlife.webTestScripts.TC1" name="TC1_definition" time="10.767"/>
  <testcase classname="org.netlife.webTestScripts.TC1" name="TC1_definition" time="9.901"/>
  <testcase classname="org.netlife.webTestScripts.TC2" name="TC2_definition" time="15.478"/>
  <testcase classname="org.netlife.webTestScripts.TC3" name="TC3_definition" time="16.719"/>
  <testcase classname="org.netlife.webTestScripts.TC4" name="TC4_definition" time="5.321"/>
  <testcase classname="org.netlife.webTestScripts.TC6" name="TC6_definition" time="11.599"/>
  <testcase classname="org.netlife.webTestScripts.TC9" name="TC9_definition" time="18.996"/>
</testsuite> <!-- Command line test 9bfeeed8-f287-41e3-b241-eb313f6b9214 -->
