<?xml version="1.0" encoding="UTF-8"?>
<!-- Generated by org.testng.reporters.JUnitXMLReporter -->
<testsuite ignored="0" hostname="WINAA20CC6M3" failures="0" tests="7" name="Command line test e3b8b792-4b94-47b9-9178-b157d15ceea0" time="128.272" errors="0" timestamp="22 Jan 2025 14:18:49 GMT">
  <testcase classname="org.netlife.webTestScripts.TC1" name="TC1_definition" time="10.242"/>
  <testcase classname="org.netlife.webTestScripts.TC1" name="TC1_definition" time="9.674"/>
  <testcase classname="org.netlife.webTestScripts.TC2" name="TC2_definition" time="15.214"/>
  <testcase classname="org.netlife.webTestScripts.TC3" name="TC3_definition" time="15.479"/>
  <testcase classname="org.netlife.webTestScripts.TC4" name="TC4_definition" time="5.59"/>
  <testcase classname="org.netlife.webTestScripts.TC6" name="TC6_definition" time="11.703"/>
  <testcase classname="org.netlife.webTestScripts.TC9" name="TC9_definition" time="19.31"/>
</testsuite> <!-- Command line test e3b8b792-4b94-47b9-9178-b157d15ceea0 -->
