<?xml version="1.0" encoding="UTF-8"?>
<!-- Generated by org.testng.reporters.JUnitXMLReporter -->
<testsuite ignored="0" hostname="WINAA20CC6M3" failures="0" tests="7" name="Command line test 40dd7877-b65b-4c32-97d8-ab5c903f49c4" time="117.469" errors="0" timestamp="18 Feb 2025 14:34:07 GMT">
  <testcase classname="org.netlife.webTestScripts.TC1" name="TC1_definition" time="10.077"/>
  <testcase classname="org.netlife.webTestScripts.TC1" name="TC1_definition" time="9.563"/>
  <testcase classname="org.netlife.webTestScripts.TC2" name="TC2_definition" time="10.747"/>
  <testcase classname="org.netlife.webTestScripts.TC3" name="TC3_definition" time="15.238"/>
  <testcase classname="org.netlife.webTestScripts.TC4" name="TC4_definition" time="5.372"/>
  <testcase classname="org.netlife.webTestScripts.TC6" name="TC6_definition" time="11.624"/>
  <testcase classname="org.netlife.webTestScripts.TC9" name="TC9_definition" time="18.925"/>
</testsuite> <!-- Command line test 40dd7877-b65b-4c32-97d8-ab5c903f49c4 -->
