<?xml version="1.0" encoding="UTF-8"?>
<!-- Generated by org.testng.reporters.JUnitXMLReporter -->
<testsuite ignored="0" hostname="WINAA20CC6M3" failures="0" tests="5" name="Command line test 16aecfc8-a94f-410b-9232-bf21b200301b" time="110.147" errors="0" timestamp="04 Dec 2024 22:31:14 GMT">
  <testcase classname="org.netlife.webTestScripts.TC1" name="TC1_definition" time="10.534"/>
  <testcase classname="org.netlife.webTestScripts.TC1" name="TC1_definition" time="10.111"/>
  <testcase classname="org.netlife.webTestScripts.TC2" name="TC2_definition" time="14.911"/>
  <testcase classname="org.netlife.webTestScripts.TC8" name="TC8_definition" time="19.823"/>
  <testcase classname="org.netlife.webTestScripts.TC11" name="TC11_definition" time="21.944"/>
</testsuite> <!-- Command line test 16aecfc8-a94f-410b-9232-bf21b200301b -->
