<?xml version="1.0" encoding="UTF-8"?>
<!-- Generated by org.testng.reporters.JUnitXMLReporter -->
<testsuite ignored="0" hostname="WINAA20CC6M3" failures="0" tests="7" name="Command line test 07aa709d-4d39-4836-8b5f-c04062290294" time="37.287" errors="0" timestamp="18 Feb 2025 16:28:34 GMT">
  <testcase classname="org.netlife.Base.Base" name="@BeforeMethod appLaunch" time="0.0">
    <failure type="org.openqa.selenium.SessionNotCreatedException" message="Could not start a new session. Response code 500. Message: An unknown server-side error occurred while processing the command. Original error: The application at &amp;apos;C:\Users\bermudez\OneDrive - Kudelski Group\Documents\MOB_demoAMOB_NETLIFE_24.40.040.apk&amp;apos; does not exist or is not accessible 
Host info: host: &amp;apos;WINAA20CC6M3&amp;apos;, ip: &amp;apos;192.168.1.68&amp;apos;
Build info: version: &amp;apos;4.11.0&amp;apos;, revision: &amp;apos;040bc5406b&amp;apos;
System info: os.name: &amp;apos;Windows 11&amp;apos;, os.arch: &amp;apos;amd64&amp;apos;, os.version: &amp;apos;10.0&amp;apos;, java.version: &amp;apos;21.0.4&amp;apos;
Driver info: io.appium.java_client.android.AndroidDriver
Command: [null, newSession {capabilities=[{appium:app=C:\Users\bermudez\OneDrive - Kudelski Group\Documents\MOB_demoAMOB_NETLIFE_24.40.040.apk, appium:automationName=UiAutomator2, appium:deviceName=R5CRA26RMNY, platformName=ANDROID}], desiredCapabilities=Capabilities {app: C:\Users\bermudez\OneDrive ..., automationName: UiAutomator2, deviceName: R5CRA26RMNY, platformName: ANDROID}}]
Capabilities {app: C:\Users\bermudez\OneDrive ..., automationName: UiAutomator2, deviceName: R5CRA26RMNY, platformName: ANDROID}">
      <![CDATA[org.openqa.selenium.SessionNotCreatedException: Could not start a new session. Response code 500. Message: An unknown server-side error occurred while processing the command. Original error: The application at 'C:\Users\bermudez\OneDrive - Kudelski Group\Documents\MOB_demoAMOB_NETLIFE_24.40.040.apk' does not exist or is not accessible 
Host info: host: 'WINAA20CC6M3', ip: '192.168.1.68'
Build info: version: '4.11.0', revision: '040bc5406b'
System info: os.name: 'Windows 11', os.arch: 'amd64', os.version: '10.0', java.version: '21.0.4'
Driver info: io.appium.java_client.android.AndroidDriver
Command: [null, newSession {capabilities=[{appium:app=C:\Users\bermudez\OneDrive - Kudelski Group\Documents\MOB_demoAMOB_NETLIFE_24.40.040.apk, appium:automationName=UiAutomator2, appium:deviceName=R5CRA26RMNY, platformName=ANDROID}], desiredCapabilities=Capabilities {app: C:\Users\bermudez\OneDrive ..., automationName: UiAutomator2, deviceName: R5CRA26RMNY, platformName: ANDROID}}]
Capabilities {app: C:\Users\bermudez\OneDrive ..., automationName: UiAutomator2, deviceName: R5CRA26RMNY, platformName: ANDROID}
	at org.openqa.selenium.remote.ProtocolHandshake.createSession(ProtocolHandshake.java:140)
	at io.appium.java_client.remote.AppiumProtocolHandshake.createSession(AppiumProtocolHandshake.java:133)
	at io.appium.java_client.remote.AppiumProtocolHandshake.createSession(AppiumProtocolHandshake.java:102)
	at io.appium.java_client.remote.AppiumCommandExecutor.createSession(AppiumCommandExecutor.java:182)
	at io.appium.java_client.remote.AppiumCommandExecutor.execute(AppiumCommandExecutor.java:250)
	at org.openqa.selenium.remote.RemoteWebDriver.execute(RemoteWebDriver.java:518)
	at io.appium.java_client.AppiumDriver.startSession(AppiumDriver.java:274)
	at org.openqa.selenium.remote.RemoteWebDriver.<init>(RemoteWebDriver.java:159)
	at io.appium.java_client.AppiumDriver.<init>(AppiumDriver.java:89)
	at io.appium.java_client.AppiumDriver.<init>(AppiumDriver.java:101)
	at io.appium.java_client.android.AndroidDriver.<init>(AndroidDriver.java:113)
	at org.netlife.Base.Base.appLaunch(Base.java:102)
	at org.netlife.trigger.Runner2.main(Runner2.java:70)
... Removed 24 stack frames]]>
    </failure>
  </testcase> <!-- @BeforeMethod appLaunch -->
  <testcase classname="org.netlife.Base.Base" name="@AfterMethod appClose" time="0.0">
    <failure type="java.lang.NullPointerException" message="Cannot invoke &amp;quot;io.appium.java_client.android.AndroidDriver.closeApp()&amp;quot; because &amp;quot;this.driver_android&amp;quot; is null">
      <![CDATA[java.lang.NullPointerException: Cannot invoke "io.appium.java_client.android.AndroidDriver.closeApp()" because "this.driver_android" is null
	at org.netlife.Base.Base.appClose(Base.java:110)
	at org.netlife.trigger.Runner2.main(Runner2.java:70)
... Removed 22 stack frames]]>
    </failure>
  </testcase> <!-- @AfterMethod appClose -->
  <testcase classname="org.netlife.Base.Base" name="@BeforeMethod appLaunch" time="0.0">
    <failure type="org.openqa.selenium.SessionNotCreatedException" message="Could not start a new session. Response code 500. Message: An unknown server-side error occurred while processing the command. Original error: The application at &amp;apos;C:\Users\bermudez\OneDrive - Kudelski Group\Documents\MOB_demoAMOB_NETLIFE_24.40.040.apk&amp;apos; does not exist or is not accessible 
Host info: host: &amp;apos;WINAA20CC6M3&amp;apos;, ip: &amp;apos;192.168.1.68&amp;apos;
Build info: version: &amp;apos;4.11.0&amp;apos;, revision: &amp;apos;040bc5406b&amp;apos;
System info: os.name: &amp;apos;Windows 11&amp;apos;, os.arch: &amp;apos;amd64&amp;apos;, os.version: &amp;apos;10.0&amp;apos;, java.version: &amp;apos;21.0.4&amp;apos;
Driver info: io.appium.java_client.android.AndroidDriver
Command: [null, newSession {capabilities=[{appium:app=C:\Users\bermudez\OneDrive - Kudelski Group\Documents\MOB_demoAMOB_NETLIFE_24.40.040.apk, appium:automationName=UiAutomator2, appium:deviceName=R5CRA26RMNY, platformName=ANDROID}], desiredCapabilities=Capabilities {app: C:\Users\bermudez\OneDrive ..., automationName: UiAutomator2, deviceName: R5CRA26RMNY, platformName: ANDROID}}]
Capabilities {app: C:\Users\bermudez\OneDrive ..., automationName: UiAutomator2, deviceName: R5CRA26RMNY, platformName: ANDROID}">
      <![CDATA[org.openqa.selenium.SessionNotCreatedException: Could not start a new session. Response code 500. Message: An unknown server-side error occurred while processing the command. Original error: The application at 'C:\Users\bermudez\OneDrive - Kudelski Group\Documents\MOB_demoAMOB_NETLIFE_24.40.040.apk' does not exist or is not accessible 
Host info: host: 'WINAA20CC6M3', ip: '192.168.1.68'
Build info: version: '4.11.0', revision: '040bc5406b'
System info: os.name: 'Windows 11', os.arch: 'amd64', os.version: '10.0', java.version: '21.0.4'
Driver info: io.appium.java_client.android.AndroidDriver
Command: [null, newSession {capabilities=[{appium:app=C:\Users\bermudez\OneDrive - Kudelski Group\Documents\MOB_demoAMOB_NETLIFE_24.40.040.apk, appium:automationName=UiAutomator2, appium:deviceName=R5CRA26RMNY, platformName=ANDROID}], desiredCapabilities=Capabilities {app: C:\Users\bermudez\OneDrive ..., automationName: UiAutomator2, deviceName: R5CRA26RMNY, platformName: ANDROID}}]
Capabilities {app: C:\Users\bermudez\OneDrive ..., automationName: UiAutomator2, deviceName: R5CRA26RMNY, platformName: ANDROID}
	at org.openqa.selenium.remote.ProtocolHandshake.createSession(ProtocolHandshake.java:140)
	at io.appium.java_client.remote.AppiumProtocolHandshake.createSession(AppiumProtocolHandshake.java:133)
	at io.appium.java_client.remote.AppiumProtocolHandshake.createSession(AppiumProtocolHandshake.java:102)
	at io.appium.java_client.remote.AppiumCommandExecutor.createSession(AppiumCommandExecutor.java:182)
	at io.appium.java_client.remote.AppiumCommandExecutor.execute(AppiumCommandExecutor.java:250)
	at org.openqa.selenium.remote.RemoteWebDriver.execute(RemoteWebDriver.java:518)
	at io.appium.java_client.AppiumDriver.startSession(AppiumDriver.java:274)
	at org.openqa.selenium.remote.RemoteWebDriver.<init>(RemoteWebDriver.java:159)
	at io.appium.java_client.AppiumDriver.<init>(AppiumDriver.java:89)
	at io.appium.java_client.AppiumDriver.<init>(AppiumDriver.java:101)
	at io.appium.java_client.android.AndroidDriver.<init>(AndroidDriver.java:113)
	at org.netlife.Base.Base.appLaunch(Base.java:102)
	at org.netlife.trigger.Runner2.main(Runner2.java:70)
... Removed 24 stack frames]]>
    </failure>
  </testcase> <!-- @BeforeMethod appLaunch -->
  <testcase classname="org.netlife.Base.Base" name="@AfterMethod appClose" time="0.0">
    <failure type="java.lang.NullPointerException" message="Cannot invoke &amp;quot;io.appium.java_client.android.AndroidDriver.closeApp()&amp;quot; because &amp;quot;this.driver_android&amp;quot; is null">
      <![CDATA[java.lang.NullPointerException: Cannot invoke "io.appium.java_client.android.AndroidDriver.closeApp()" because "this.driver_android" is null
	at org.netlife.Base.Base.appClose(Base.java:110)
	at org.netlife.trigger.Runner2.main(Runner2.java:70)
... Removed 22 stack frames]]>
    </failure>
  </testcase> <!-- @AfterMethod appClose -->
  <testcase classname="org.netlife.Base.Base" name="@BeforeMethod appLaunch" time="0.0">
    <failure type="org.openqa.selenium.SessionNotCreatedException" message="Could not start a new session. Response code 500. Message: An unknown server-side error occurred while processing the command. Original error: The application at &amp;apos;C:\Users\bermudez\OneDrive - Kudelski Group\Documents\MOB_demoAMOB_NETLIFE_24.40.040.apk&amp;apos; does not exist or is not accessible 
Host info: host: &amp;apos;WINAA20CC6M3&amp;apos;, ip: &amp;apos;192.168.1.68&amp;apos;
Build info: version: &amp;apos;4.11.0&amp;apos;, revision: &amp;apos;040bc5406b&amp;apos;
System info: os.name: &amp;apos;Windows 11&amp;apos;, os.arch: &amp;apos;amd64&amp;apos;, os.version: &amp;apos;10.0&amp;apos;, java.version: &amp;apos;21.0.4&amp;apos;
Driver info: io.appium.java_client.android.AndroidDriver
Command: [null, newSession {capabilities=[{appium:app=C:\Users\bermudez\OneDrive - Kudelski Group\Documents\MOB_demoAMOB_NETLIFE_24.40.040.apk, appium:automationName=UiAutomator2, appium:deviceName=R5CRA26RMNY, platformName=ANDROID}], desiredCapabilities=Capabilities {app: C:\Users\bermudez\OneDrive ..., automationName: UiAutomator2, deviceName: R5CRA26RMNY, platformName: ANDROID}}]
Capabilities {app: C:\Users\bermudez\OneDrive ..., automationName: UiAutomator2, deviceName: R5CRA26RMNY, platformName: ANDROID}">
      <![CDATA[org.openqa.selenium.SessionNotCreatedException: Could not start a new session. Response code 500. Message: An unknown server-side error occurred while processing the command. Original error: The application at 'C:\Users\bermudez\OneDrive - Kudelski Group\Documents\MOB_demoAMOB_NETLIFE_24.40.040.apk' does not exist or is not accessible 
Host info: host: 'WINAA20CC6M3', ip: '192.168.1.68'
Build info: version: '4.11.0', revision: '040bc5406b'
System info: os.name: 'Windows 11', os.arch: 'amd64', os.version: '10.0', java.version: '21.0.4'
Driver info: io.appium.java_client.android.AndroidDriver
Command: [null, newSession {capabilities=[{appium:app=C:\Users\bermudez\OneDrive - Kudelski Group\Documents\MOB_demoAMOB_NETLIFE_24.40.040.apk, appium:automationName=UiAutomator2, appium:deviceName=R5CRA26RMNY, platformName=ANDROID}], desiredCapabilities=Capabilities {app: C:\Users\bermudez\OneDrive ..., automationName: UiAutomator2, deviceName: R5CRA26RMNY, platformName: ANDROID}}]
Capabilities {app: C:\Users\bermudez\OneDrive ..., automationName: UiAutomator2, deviceName: R5CRA26RMNY, platformName: ANDROID}
	at org.openqa.selenium.remote.ProtocolHandshake.createSession(ProtocolHandshake.java:140)
	at io.appium.java_client.remote.AppiumProtocolHandshake.createSession(AppiumProtocolHandshake.java:133)
	at io.appium.java_client.remote.AppiumProtocolHandshake.createSession(AppiumProtocolHandshake.java:102)
	at io.appium.java_client.remote.AppiumCommandExecutor.createSession(AppiumCommandExecutor.java:182)
	at io.appium.java_client.remote.AppiumCommandExecutor.execute(AppiumCommandExecutor.java:250)
	at org.openqa.selenium.remote.RemoteWebDriver.execute(RemoteWebDriver.java:518)
	at io.appium.java_client.AppiumDriver.startSession(AppiumDriver.java:274)
	at org.openqa.selenium.remote.RemoteWebDriver.<init>(RemoteWebDriver.java:159)
	at io.appium.java_client.AppiumDriver.<init>(AppiumDriver.java:89)
	at io.appium.java_client.AppiumDriver.<init>(AppiumDriver.java:101)
	at io.appium.java_client.android.AndroidDriver.<init>(AndroidDriver.java:113)
	at org.netlife.Base.Base.appLaunch(Base.java:102)
	at org.netlife.trigger.Runner2.main(Runner2.java:70)
... Removed 24 stack frames]]>
    </failure>
  </testcase> <!-- @BeforeMethod appLaunch -->
  <testcase classname="org.netlife.Base.Base" name="@AfterMethod appClose" time="0.0">
    <failure type="java.lang.NullPointerException" message="Cannot invoke &amp;quot;io.appium.java_client.android.AndroidDriver.closeApp()&amp;quot; because &amp;quot;this.driver_android&amp;quot; is null">
      <![CDATA[java.lang.NullPointerException: Cannot invoke "io.appium.java_client.android.AndroidDriver.closeApp()" because "this.driver_android" is null
	at org.netlife.Base.Base.appClose(Base.java:110)
	at org.netlife.trigger.Runner2.main(Runner2.java:70)
... Removed 22 stack frames]]>
    </failure>
  </testcase> <!-- @AfterMethod appClose -->
  <testcase classname="org.netlife.Base.Base" name="@BeforeMethod appLaunch" time="0.0">
    <failure type="org.openqa.selenium.SessionNotCreatedException" message="Could not start a new session. Response code 500. Message: An unknown server-side error occurred while processing the command. Original error: The application at &amp;apos;C:\Users\bermudez\OneDrive - Kudelski Group\Documents\MOB_demoAMOB_NETLIFE_24.40.040.apk&amp;apos; does not exist or is not accessible 
Host info: host: &amp;apos;WINAA20CC6M3&amp;apos;, ip: &amp;apos;192.168.1.68&amp;apos;
Build info: version: &amp;apos;4.11.0&amp;apos;, revision: &amp;apos;040bc5406b&amp;apos;
System info: os.name: &amp;apos;Windows 11&amp;apos;, os.arch: &amp;apos;amd64&amp;apos;, os.version: &amp;apos;10.0&amp;apos;, java.version: &amp;apos;21.0.4&amp;apos;
Driver info: io.appium.java_client.android.AndroidDriver
Command: [null, newSession {capabilities=[{appium:app=C:\Users\bermudez\OneDrive - Kudelski Group\Documents\MOB_demoAMOB_NETLIFE_24.40.040.apk, appium:automationName=UiAutomator2, appium:deviceName=R5CRA26RMNY, platformName=ANDROID}], desiredCapabilities=Capabilities {app: C:\Users\bermudez\OneDrive ..., automationName: UiAutomator2, deviceName: R5CRA26RMNY, platformName: ANDROID}}]
Capabilities {app: C:\Users\bermudez\OneDrive ..., automationName: UiAutomator2, deviceName: R5CRA26RMNY, platformName: ANDROID}">
      <![CDATA[org.openqa.selenium.SessionNotCreatedException: Could not start a new session. Response code 500. Message: An unknown server-side error occurred while processing the command. Original error: The application at 'C:\Users\bermudez\OneDrive - Kudelski Group\Documents\MOB_demoAMOB_NETLIFE_24.40.040.apk' does not exist or is not accessible 
Host info: host: 'WINAA20CC6M3', ip: '192.168.1.68'
Build info: version: '4.11.0', revision: '040bc5406b'
System info: os.name: 'Windows 11', os.arch: 'amd64', os.version: '10.0', java.version: '21.0.4'
Driver info: io.appium.java_client.android.AndroidDriver
Command: [null, newSession {capabilities=[{appium:app=C:\Users\bermudez\OneDrive - Kudelski Group\Documents\MOB_demoAMOB_NETLIFE_24.40.040.apk, appium:automationName=UiAutomator2, appium:deviceName=R5CRA26RMNY, platformName=ANDROID}], desiredCapabilities=Capabilities {app: C:\Users\bermudez\OneDrive ..., automationName: UiAutomator2, deviceName: R5CRA26RMNY, platformName: ANDROID}}]
Capabilities {app: C:\Users\bermudez\OneDrive ..., automationName: UiAutomator2, deviceName: R5CRA26RMNY, platformName: ANDROID}
	at org.openqa.selenium.remote.ProtocolHandshake.createSession(ProtocolHandshake.java:140)
	at io.appium.java_client.remote.AppiumProtocolHandshake.createSession(AppiumProtocolHandshake.java:133)
	at io.appium.java_client.remote.AppiumProtocolHandshake.createSession(AppiumProtocolHandshake.java:102)
	at io.appium.java_client.remote.AppiumCommandExecutor.createSession(AppiumCommandExecutor.java:182)
	at io.appium.java_client.remote.AppiumCommandExecutor.execute(AppiumCommandExecutor.java:250)
	at org.openqa.selenium.remote.RemoteWebDriver.execute(RemoteWebDriver.java:518)
	at io.appium.java_client.AppiumDriver.startSession(AppiumDriver.java:274)
	at org.openqa.selenium.remote.RemoteWebDriver.<init>(RemoteWebDriver.java:159)
	at io.appium.java_client.AppiumDriver.<init>(AppiumDriver.java:89)
	at io.appium.java_client.AppiumDriver.<init>(AppiumDriver.java:101)
	at io.appium.java_client.android.AndroidDriver.<init>(AndroidDriver.java:113)
	at org.netlife.Base.Base.appLaunch(Base.java:102)
	at org.netlife.trigger.Runner2.main(Runner2.java:70)
... Removed 24 stack frames]]>
    </failure>
  </testcase> <!-- @BeforeMethod appLaunch -->
  <testcase classname="org.netlife.Base.Base" name="@AfterMethod appClose" time="0.0">
    <failure type="java.lang.NullPointerException" message="Cannot invoke &amp;quot;io.appium.java_client.android.AndroidDriver.closeApp()&amp;quot; because &amp;quot;this.driver_android&amp;quot; is null">
      <![CDATA[java.lang.NullPointerException: Cannot invoke "io.appium.java_client.android.AndroidDriver.closeApp()" because "this.driver_android" is null
	at org.netlife.Base.Base.appClose(Base.java:110)
	at org.netlife.trigger.Runner2.main(Runner2.java:70)
... Removed 22 stack frames]]>
    </failure>
  </testcase> <!-- @AfterMethod appClose -->
  <testcase classname="org.netlife.Base.Base" name="@BeforeMethod appLaunch" time="0.0">
    <failure type="org.openqa.selenium.SessionNotCreatedException" message="Could not start a new session. Response code 500. Message: An unknown server-side error occurred while processing the command. Original error: The application at &amp;apos;C:\Users\bermudez\OneDrive - Kudelski Group\Documents\MOB_demoAMOB_NETLIFE_24.40.040.apk&amp;apos; does not exist or is not accessible 
Host info: host: &amp;apos;WINAA20CC6M3&amp;apos;, ip: &amp;apos;192.168.1.68&amp;apos;
Build info: version: &amp;apos;4.11.0&amp;apos;, revision: &amp;apos;040bc5406b&amp;apos;
System info: os.name: &amp;apos;Windows 11&amp;apos;, os.arch: &amp;apos;amd64&amp;apos;, os.version: &amp;apos;10.0&amp;apos;, java.version: &amp;apos;21.0.4&amp;apos;
Driver info: io.appium.java_client.android.AndroidDriver
Command: [null, newSession {capabilities=[{appium:app=C:\Users\bermudez\OneDrive - Kudelski Group\Documents\MOB_demoAMOB_NETLIFE_24.40.040.apk, appium:automationName=UiAutomator2, appium:deviceName=R5CRA26RMNY, platformName=ANDROID}], desiredCapabilities=Capabilities {app: C:\Users\bermudez\OneDrive ..., automationName: UiAutomator2, deviceName: R5CRA26RMNY, platformName: ANDROID}}]
Capabilities {app: C:\Users\bermudez\OneDrive ..., automationName: UiAutomator2, deviceName: R5CRA26RMNY, platformName: ANDROID}">
      <![CDATA[org.openqa.selenium.SessionNotCreatedException: Could not start a new session. Response code 500. Message: An unknown server-side error occurred while processing the command. Original error: The application at 'C:\Users\bermudez\OneDrive - Kudelski Group\Documents\MOB_demoAMOB_NETLIFE_24.40.040.apk' does not exist or is not accessible 
Host info: host: 'WINAA20CC6M3', ip: '192.168.1.68'
Build info: version: '4.11.0', revision: '040bc5406b'
System info: os.name: 'Windows 11', os.arch: 'amd64', os.version: '10.0', java.version: '21.0.4'
Driver info: io.appium.java_client.android.AndroidDriver
Command: [null, newSession {capabilities=[{appium:app=C:\Users\bermudez\OneDrive - Kudelski Group\Documents\MOB_demoAMOB_NETLIFE_24.40.040.apk, appium:automationName=UiAutomator2, appium:deviceName=R5CRA26RMNY, platformName=ANDROID}], desiredCapabilities=Capabilities {app: C:\Users\bermudez\OneDrive ..., automationName: UiAutomator2, deviceName: R5CRA26RMNY, platformName: ANDROID}}]
Capabilities {app: C:\Users\bermudez\OneDrive ..., automationName: UiAutomator2, deviceName: R5CRA26RMNY, platformName: ANDROID}
	at org.openqa.selenium.remote.ProtocolHandshake.createSession(ProtocolHandshake.java:140)
	at io.appium.java_client.remote.AppiumProtocolHandshake.createSession(AppiumProtocolHandshake.java:133)
	at io.appium.java_client.remote.AppiumProtocolHandshake.createSession(AppiumProtocolHandshake.java:102)
	at io.appium.java_client.remote.AppiumCommandExecutor.createSession(AppiumCommandExecutor.java:182)
	at io.appium.java_client.remote.AppiumCommandExecutor.execute(AppiumCommandExecutor.java:250)
	at org.openqa.selenium.remote.RemoteWebDriver.execute(RemoteWebDriver.java:518)
	at io.appium.java_client.AppiumDriver.startSession(AppiumDriver.java:274)
	at org.openqa.selenium.remote.RemoteWebDriver.<init>(RemoteWebDriver.java:159)
	at io.appium.java_client.AppiumDriver.<init>(AppiumDriver.java:89)
	at io.appium.java_client.AppiumDriver.<init>(AppiumDriver.java:101)
	at io.appium.java_client.android.AndroidDriver.<init>(AndroidDriver.java:113)
	at org.netlife.Base.Base.appLaunch(Base.java:102)
	at org.netlife.trigger.Runner2.main(Runner2.java:70)
... Removed 24 stack frames]]>
    </failure>
  </testcase> <!-- @BeforeMethod appLaunch -->
  <testcase classname="org.netlife.Base.Base" name="@AfterMethod appClose" time="0.0">
    <failure type="java.lang.NullPointerException" message="Cannot invoke &amp;quot;io.appium.java_client.android.AndroidDriver.closeApp()&amp;quot; because &amp;quot;this.driver_android&amp;quot; is null">
      <![CDATA[java.lang.NullPointerException: Cannot invoke "io.appium.java_client.android.AndroidDriver.closeApp()" because "this.driver_android" is null
	at org.netlife.Base.Base.appClose(Base.java:110)
	at org.netlife.trigger.Runner2.main(Runner2.java:70)
... Removed 22 stack frames]]>
    </failure>
  </testcase> <!-- @AfterMethod appClose -->
  <testcase classname="org.netlife.Base.Base" name="@BeforeMethod appLaunch" time="0.0">
    <failure type="org.openqa.selenium.SessionNotCreatedException" message="Could not start a new session. Response code 500. Message: An unknown server-side error occurred while processing the command. Original error: The application at &amp;apos;C:\Users\bermudez\OneDrive - Kudelski Group\Documents\MOB_demoAMOB_NETLIFE_24.40.040.apk&amp;apos; does not exist or is not accessible 
Host info: host: &amp;apos;WINAA20CC6M3&amp;apos;, ip: &amp;apos;192.168.1.68&amp;apos;
Build info: version: &amp;apos;4.11.0&amp;apos;, revision: &amp;apos;040bc5406b&amp;apos;
System info: os.name: &amp;apos;Windows 11&amp;apos;, os.arch: &amp;apos;amd64&amp;apos;, os.version: &amp;apos;10.0&amp;apos;, java.version: &amp;apos;21.0.4&amp;apos;
Driver info: io.appium.java_client.android.AndroidDriver
Command: [null, newSession {capabilities=[{appium:app=C:\Users\bermudez\OneDrive - Kudelski Group\Documents\MOB_demoAMOB_NETLIFE_24.40.040.apk, appium:automationName=UiAutomator2, appium:deviceName=R5CRA26RMNY, platformName=ANDROID}], desiredCapabilities=Capabilities {app: C:\Users\bermudez\OneDrive ..., automationName: UiAutomator2, deviceName: R5CRA26RMNY, platformName: ANDROID}}]
Capabilities {app: C:\Users\bermudez\OneDrive ..., automationName: UiAutomator2, deviceName: R5CRA26RMNY, platformName: ANDROID}">
      <![CDATA[org.openqa.selenium.SessionNotCreatedException: Could not start a new session. Response code 500. Message: An unknown server-side error occurred while processing the command. Original error: The application at 'C:\Users\bermudez\OneDrive - Kudelski Group\Documents\MOB_demoAMOB_NETLIFE_24.40.040.apk' does not exist or is not accessible 
Host info: host: 'WINAA20CC6M3', ip: '192.168.1.68'
Build info: version: '4.11.0', revision: '040bc5406b'
System info: os.name: 'Windows 11', os.arch: 'amd64', os.version: '10.0', java.version: '21.0.4'
Driver info: io.appium.java_client.android.AndroidDriver
Command: [null, newSession {capabilities=[{appium:app=C:\Users\bermudez\OneDrive - Kudelski Group\Documents\MOB_demoAMOB_NETLIFE_24.40.040.apk, appium:automationName=UiAutomator2, appium:deviceName=R5CRA26RMNY, platformName=ANDROID}], desiredCapabilities=Capabilities {app: C:\Users\bermudez\OneDrive ..., automationName: UiAutomator2, deviceName: R5CRA26RMNY, platformName: ANDROID}}]
Capabilities {app: C:\Users\bermudez\OneDrive ..., automationName: UiAutomator2, deviceName: R5CRA26RMNY, platformName: ANDROID}
	at org.openqa.selenium.remote.ProtocolHandshake.createSession(ProtocolHandshake.java:140)
	at io.appium.java_client.remote.AppiumProtocolHandshake.createSession(AppiumProtocolHandshake.java:133)
	at io.appium.java_client.remote.AppiumProtocolHandshake.createSession(AppiumProtocolHandshake.java:102)
	at io.appium.java_client.remote.AppiumCommandExecutor.createSession(AppiumCommandExecutor.java:182)
	at io.appium.java_client.remote.AppiumCommandExecutor.execute(AppiumCommandExecutor.java:250)
	at org.openqa.selenium.remote.RemoteWebDriver.execute(RemoteWebDriver.java:518)
	at io.appium.java_client.AppiumDriver.startSession(AppiumDriver.java:274)
	at org.openqa.selenium.remote.RemoteWebDriver.<init>(RemoteWebDriver.java:159)
	at io.appium.java_client.AppiumDriver.<init>(AppiumDriver.java:89)
	at io.appium.java_client.AppiumDriver.<init>(AppiumDriver.java:101)
	at io.appium.java_client.android.AndroidDriver.<init>(AndroidDriver.java:113)
	at org.netlife.Base.Base.appLaunch(Base.java:102)
	at org.netlife.trigger.Runner2.main(Runner2.java:70)
... Removed 24 stack frames]]>
    </failure>
  </testcase> <!-- @BeforeMethod appLaunch -->
  <testcase classname="org.netlife.Base.Base" name="@AfterMethod appClose" time="0.0">
    <failure type="java.lang.NullPointerException" message="Cannot invoke &amp;quot;io.appium.java_client.android.AndroidDriver.closeApp()&amp;quot; because &amp;quot;this.driver_android&amp;quot; is null">
      <![CDATA[java.lang.NullPointerException: Cannot invoke "io.appium.java_client.android.AndroidDriver.closeApp()" because "this.driver_android" is null
	at org.netlife.Base.Base.appClose(Base.java:110)
	at org.netlife.trigger.Runner2.main(Runner2.java:70)
... Removed 22 stack frames]]>
    </failure>
  </testcase> <!-- @AfterMethod appClose -->
  <testcase classname="org.netlife.Base.Base" name="@BeforeMethod appLaunch" time="0.0">
    <failure type="org.openqa.selenium.SessionNotCreatedException" message="Could not start a new session. Response code 500. Message: An unknown server-side error occurred while processing the command. Original error: The application at &amp;apos;C:\Users\bermudez\OneDrive - Kudelski Group\Documents\MOB_demoAMOB_NETLIFE_24.40.040.apk&amp;apos; does not exist or is not accessible 
Host info: host: &amp;apos;WINAA20CC6M3&amp;apos;, ip: &amp;apos;192.168.1.68&amp;apos;
Build info: version: &amp;apos;4.11.0&amp;apos;, revision: &amp;apos;040bc5406b&amp;apos;
System info: os.name: &amp;apos;Windows 11&amp;apos;, os.arch: &amp;apos;amd64&amp;apos;, os.version: &amp;apos;10.0&amp;apos;, java.version: &amp;apos;21.0.4&amp;apos;
Driver info: io.appium.java_client.android.AndroidDriver
Command: [null, newSession {capabilities=[{appium:app=C:\Users\bermudez\OneDrive - Kudelski Group\Documents\MOB_demoAMOB_NETLIFE_24.40.040.apk, appium:automationName=UiAutomator2, appium:deviceName=R5CRA26RMNY, platformName=ANDROID}], desiredCapabilities=Capabilities {app: C:\Users\bermudez\OneDrive ..., automationName: UiAutomator2, deviceName: R5CRA26RMNY, platformName: ANDROID}}]
Capabilities {app: C:\Users\bermudez\OneDrive ..., automationName: UiAutomator2, deviceName: R5CRA26RMNY, platformName: ANDROID}">
      <![CDATA[org.openqa.selenium.SessionNotCreatedException: Could not start a new session. Response code 500. Message: An unknown server-side error occurred while processing the command. Original error: The application at 'C:\Users\bermudez\OneDrive - Kudelski Group\Documents\MOB_demoAMOB_NETLIFE_24.40.040.apk' does not exist or is not accessible 
Host info: host: 'WINAA20CC6M3', ip: '192.168.1.68'
Build info: version: '4.11.0', revision: '040bc5406b'
System info: os.name: 'Windows 11', os.arch: 'amd64', os.version: '10.0', java.version: '21.0.4'
Driver info: io.appium.java_client.android.AndroidDriver
Command: [null, newSession {capabilities=[{appium:app=C:\Users\bermudez\OneDrive - Kudelski Group\Documents\MOB_demoAMOB_NETLIFE_24.40.040.apk, appium:automationName=UiAutomator2, appium:deviceName=R5CRA26RMNY, platformName=ANDROID}], desiredCapabilities=Capabilities {app: C:\Users\bermudez\OneDrive ..., automationName: UiAutomator2, deviceName: R5CRA26RMNY, platformName: ANDROID}}]
Capabilities {app: C:\Users\bermudez\OneDrive ..., automationName: UiAutomator2, deviceName: R5CRA26RMNY, platformName: ANDROID}
	at org.openqa.selenium.remote.ProtocolHandshake.createSession(ProtocolHandshake.java:140)
	at io.appium.java_client.remote.AppiumProtocolHandshake.createSession(AppiumProtocolHandshake.java:133)
	at io.appium.java_client.remote.AppiumProtocolHandshake.createSession(AppiumProtocolHandshake.java:102)
	at io.appium.java_client.remote.AppiumCommandExecutor.createSession(AppiumCommandExecutor.java:182)
	at io.appium.java_client.remote.AppiumCommandExecutor.execute(AppiumCommandExecutor.java:250)
	at org.openqa.selenium.remote.RemoteWebDriver.execute(RemoteWebDriver.java:518)
	at io.appium.java_client.AppiumDriver.startSession(AppiumDriver.java:274)
	at org.openqa.selenium.remote.RemoteWebDriver.<init>(RemoteWebDriver.java:159)
	at io.appium.java_client.AppiumDriver.<init>(AppiumDriver.java:89)
	at io.appium.java_client.AppiumDriver.<init>(AppiumDriver.java:101)
	at io.appium.java_client.android.AndroidDriver.<init>(AndroidDriver.java:113)
	at org.netlife.Base.Base.appLaunch(Base.java:102)
	at org.netlife.trigger.Runner2.main(Runner2.java:70)
... Removed 24 stack frames]]>
    </failure>
  </testcase> <!-- @BeforeMethod appLaunch -->
  <testcase classname="org.netlife.Base.Base" name="@AfterMethod appClose" time="0.0">
    <failure type="java.lang.NullPointerException" message="Cannot invoke &amp;quot;io.appium.java_client.android.AndroidDriver.closeApp()&amp;quot; because &amp;quot;this.driver_android&amp;quot; is null">
      <![CDATA[java.lang.NullPointerException: Cannot invoke "io.appium.java_client.android.AndroidDriver.closeApp()" because "this.driver_android" is null
	at org.netlife.Base.Base.appClose(Base.java:110)
	at org.netlife.trigger.Runner2.main(Runner2.java:70)
... Removed 22 stack frames]]>
    </failure>
  </testcase> <!-- @AfterMethod appClose -->
  <testcase classname="org.netlife.webTestScripts.TC1" name="TC1_definition" time="0.0">
    <skipped/>
  </testcase> <!-- TC1_definition -->
  <testcase classname="org.netlife.webTestScripts.TC1" name="TC1_definition" time="0.0">
    <skipped/>
  </testcase> <!-- TC1_definition -->
  <testcase classname="org.netlife.webTestScripts.TC2" name="TC2_definition" time="0.0">
    <skipped/>
  </testcase> <!-- TC2_definition -->
  <testcase classname="org.netlife.webTestScripts.TC3" name="TC3_definition" time="0.0">
    <skipped/>
  </testcase> <!-- TC3_definition -->
  <testcase classname="org.netlife.webTestScripts.TC4" name="TC4_definition" time="0.0">
    <skipped/>
  </testcase> <!-- TC4_definition -->
  <testcase classname="org.netlife.webTestScripts.TC6" name="TC6_definition" time="0.001">
    <skipped/>
  </testcase> <!-- TC6_definition -->
  <testcase classname="org.netlife.webTestScripts.TC9" name="TC9_definition" time="0.0">
    <skipped/>
  </testcase> <!-- TC9_definition -->
</testsuite> <!-- Command line test 07aa709d-4d39-4836-8b5f-c04062290294 -->
