<?xml version="1.0" encoding="UTF-8"?>
<!-- Generated by org.testng.reporters.JUnitXMLReporter -->
<testsuite ignored="0" hostname="WINAA20CC6M3" failures="0" tests="12" name="Command line test 20ec5d4c-dba7-474d-bcaf-95ec9ebe5b34" time="264.891" errors="0" timestamp="22 Jan 2025 05:21:39 GMT">
  <testcase classname="org.netlife.webTestScripts.TC1" name="TC1_definition" time="10.384"/>
  <testcase classname="org.netlife.webTestScripts.TC1" name="TC1_definition" time="10.057"/>
  <testcase classname="org.netlife.webTestScripts.TC2" name="TC2_definition" time="15.365"/>
  <testcase classname="org.netlife.webTestScripts.TC3" name="TC3_definition" time="16.275"/>
  <testcase classname="org.netlife.webTestScripts.TC4" name="TC4_definition" time="5.407"/>
  <testcase classname="org.netlife.webTestScripts.TC5" name="TC5_definition" time="14.356"/>
  <testcase classname="org.netlife.webTestScripts.TC6" name="TC6_definition" time="12.108"/>
  <testcase classname="org.netlife.webTestScripts.TC7" name="TC7_definition" time="23.355"/>
  <testcase classname="org.netlife.webTestScripts.TC8" name="TC8_definition" time="20.278"/>
  <testcase classname="org.netlife.webTestScripts.TC9" name="TC9_definition" time="19.46"/>
  <testcase classname="org.netlife.webTestScripts.TC10" name="TC10_definition" time="26.654"/>
  <testcase classname="org.netlife.webTestScripts.TC11" name="TC11_definition" time="22.636"/>
</testsuite> <!-- Command line test 20ec5d4c-dba7-474d-bcaf-95ec9ebe5b34 -->
