<?xml version="1.0" encoding="UTF-8"?>
<!-- Generated by org.testng.reporters.JUnitXMLReporter -->
<testsuite ignored="0" hostname="WINAA20CC6M3" failures="0" tests="12" name="Command line test 522e4d43-ec3f-4f72-9e2a-97f089a2806e" time="275.822" errors="0" timestamp="22 Jan 2025 05:35:37 GMT">
  <testcase classname="org.netlife.webTestScripts.TC1" name="TC1_definition" time="11.216"/>
  <testcase classname="org.netlife.webTestScripts.TC1" name="TC1_definition" time="10.501"/>
  <testcase classname="org.netlife.webTestScripts.TC2" name="TC2_definition" time="15.385"/>
  <testcase classname="org.netlife.webTestScripts.TC3" name="TC3_definition" time="19.772"/>
  <testcase classname="org.netlife.webTestScripts.TC4" name="TC4_definition" time="5.447"/>
  <testcase classname="org.netlife.webTestScripts.TC5" name="TC5_definition" time="14.362"/>
  <testcase classname="org.netlife.webTestScripts.TC6" name="TC6_definition" time="12.284"/>
  <testcase classname="org.netlife.webTestScripts.TC7" name="TC7_definition" time="23.514"/>
  <testcase classname="org.netlife.webTestScripts.TC8" name="TC8_definition" time="20.273"/>
  <testcase classname="org.netlife.webTestScripts.TC9" name="TC9_definition" time="19.318"/>
  <testcase classname="org.netlife.webTestScripts.TC10" name="TC10_definition" time="26.544"/>
  <testcase classname="org.netlife.webTestScripts.TC11" name="TC11_definition" time="22.58"/>
</testsuite> <!-- Command line test 522e4d43-ec3f-4f72-9e2a-97f089a2806e -->
