<?xml version="1.0" encoding="UTF-8"?>
<!-- Generated by org.testng.reporters.JUnitXMLReporter -->
<testsuite ignored="0" hostname="WINAA20CC6M3" failures="0" tests="10" name="Command line test c3972487-a528-430e-93dc-e297747e6f65" time="225.855" errors="0" timestamp="22 Jan 2025 06:29:13 GMT">
  <testcase classname="org.netlife.webTestScripts.TC1" name="TC1_definition" time="11.215"/>
  <testcase classname="org.netlife.webTestScripts.TC1" name="TC1_definition" time="10.49"/>
  <testcase classname="org.netlife.webTestScripts.TC2" name="TC2_definition" time="15.155"/>
  <testcase classname="org.netlife.webTestScripts.TC3" name="TC3_definition" time="19.45"/>
  <testcase classname="org.netlife.webTestScripts.TC4" name="TC4_definition" time="5.611"/>
  <testcase classname="org.netlife.webTestScripts.TC5" name="TC5_definition" time="14.549"/>
  <testcase classname="org.netlife.webTestScripts.TC6" name="TC6_definition" time="12.718"/>
  <testcase classname="org.netlife.webTestScripts.TC9" name="TC9_definition" time="20.12"/>
  <testcase classname="org.netlife.webTestScripts.TC10" name="TC10_definition" time="27.083"/>
  <testcase classname="org.netlife.webTestScripts.TC11" name="TC11_definition" time="22.784"/>
</testsuite> <!-- Command line test c3972487-a528-430e-93dc-e297747e6f65 -->
