<?xml version="1.0" encoding="UTF-8"?>
<!-- Generated by org.testng.reporters.JUnitXMLReporter -->
<testsuite ignored="0" hostname="WINAA20CC6M3" failures="0" tests="5" name="Command line test ec93fd54-6a67-44cf-8c95-d3765bf3f980" time="120.47" errors="0" timestamp="22 Jan 2025 05:04:29 GMT">
  <testcase classname="org.netlife.webTestScripts.TC1" name="TC1_definition" time="10.417"/>
  <testcase classname="org.netlife.webTestScripts.TC1" name="TC1_definition" time="10.304"/>
  <testcase classname="org.netlife.webTestScripts.TC2" name="TC2_definition" time="15.847"/>
  <testcase classname="org.netlife.webTestScripts.TC8" name="TC8_definition" time="20.778"/>
  <testcase classname="org.netlife.webTestScripts.TC11" name="TC11_definition" time="22.715"/>
</testsuite> <!-- Command line test ec93fd54-6a67-44cf-8c95-d3765bf3f980 -->
