<?xml version="1.0" encoding="UTF-8"?>
<!-- Generated by org.testng.reporters.JUnitXMLReporter -->
<testsuite ignored="0" hostname="WINAA20CC6M3" failures="0" tests="7" name="Command line test 49087eb1-12ee-4a13-a240-45377a030a91" time="151.319" errors="0" timestamp="22 Jan 2025 14:58:03 GMT">
  <testcase classname="org.netlife.webTestScripts.TC1" name="TC1_definition" time="10.044"/>
  <testcase classname="org.netlife.webTestScripts.TC1" name="TC1_definition" time="10.464"/>
  <testcase classname="org.netlife.webTestScripts.TC2" name="TC2_definition" time="15.624"/>
  <testcase classname="org.netlife.webTestScripts.TC3" name="TC3_definition" time="22.48"/>
  <testcase classname="org.netlife.webTestScripts.TC4" name="TC4_definition" time="5.536"/>
  <testcase classname="org.netlife.webTestScripts.TC6" name="TC6_definition" time="12.368"/>
  <testcase classname="org.netlife.webTestScripts.TC9" name="TC9_definition" time="19.644"/>
</testsuite> <!-- Command line test 49087eb1-12ee-4a13-a240-45377a030a91 -->
