<?xml version="1.0" encoding="UTF-8"?>
<!-- Generated by org.testng.reporters.JUnitXMLReporter -->
<testsuite ignored="0" hostname="WINAA20CC6M3" failures="0" tests="5" name="Command line test bf049685-9104-488b-ad50-9e29ca44ea9f" time="108.639" errors="0" timestamp="04 Dec 2024 22:34:23 GMT">
  <testcase classname="org.netlife.webTestScripts.TC1" name="TC1_definition" time="10.077"/>
  <testcase classname="org.netlife.webTestScripts.TC1" name="TC1_definition" time="10.76"/>
  <testcase classname="org.netlife.webTestScripts.TC2" name="TC2_definition" time="14.826"/>
  <testcase classname="org.netlife.webTestScripts.TC8" name="TC8_definition" time="19.765"/>
  <testcase classname="org.netlife.webTestScripts.TC11" name="TC11_definition" time="21.97"/>
</testsuite> <!-- Command line test bf049685-9104-488b-ad50-9e29ca44ea9f -->
