<?xml version="1.0" encoding="UTF-8"?>
<testng-results ignored="0" total="2" passed="2" failed="0" skipped="0">
  <reporter-output>
  </reporter-output>
  <suite started-at="2024-07-09T01:10:32Z" name="Default suite" finished-at="2024-07-09T01:11:13Z" duration-ms="41035">
    <groups>
      <group name="web">
        <method signature="TC1.TC1_definition(java.lang.String, java.lang.String)[pri:0, instance:org.netlife.webTestScripts.TC1@5f354bcf]" name="TC1_definition" class="org.netlife.webTestScripts.TC1"/>
      </group> <!-- web -->
    </groups>
    <test started-at="2024-07-09T01:10:32Z" name="Default test" finished-at="2024-07-09T01:11:13Z" duration-ms="41035">
      <class name="org.netlife.webTestScripts.TC1">
        <test-method is-config="true" signature="BrowserLaunch()[pri:0, instance:org.netlife.webTestScripts.TC1@5f354bcf]" started-at="2024-07-08T20:10:32Z" name="BrowserLaunch" finished-at="2024-07-08T20:10:36Z" duration-ms="3781" status="PASS">
          <reporter-output>
          </reporter-output>
        </test-method> <!-- BrowserLaunch -->
        <test-method signature="TC1_definition(java.lang.String, java.lang.String)[pri:0, instance:org.netlife.webTestScripts.TC1@5f354bcf]" started-at="2024-07-08T20:10:36Z" name="TC1_definition" data-provider="dp1" finished-at="2024-07-08T20:10:51Z" duration-ms="14746" status="PASS">
          <params>
            <param index="0">
              <value>
                <![CDATA[NC1]]>
              </value>
            </param>
            <param index="1">
              <value>
                <![CDATA[123]]>
              </value>
            </param>
          </params>
          <reporter-output>
          </reporter-output>
        </test-method> <!-- TC1_definition -->
        <test-method is-config="true" signature="BrowserClose()[pri:0, instance:org.netlife.webTestScripts.TC1@5f354bcf]" started-at="2024-07-08T20:10:51Z" name="BrowserClose" finished-at="2024-07-08T20:10:54Z" duration-ms="3136" status="PASS">
          <reporter-output>
          </reporter-output>
        </test-method> <!-- BrowserClose -->
        <test-method is-config="true" signature="BrowserLaunch()[pri:0, instance:org.netlife.webTestScripts.TC1@5f354bcf]" started-at="2024-07-08T20:10:54Z" name="BrowserLaunch" finished-at="2024-07-08T20:10:56Z" duration-ms="2203" status="PASS">
          <reporter-output>
          </reporter-output>
        </test-method> <!-- BrowserLaunch -->
        <test-method signature="TC1_definition(java.lang.String, java.lang.String)[pri:0, instance:org.netlife.webTestScripts.TC1@5f354bcf]" started-at="2024-07-08T20:10:56Z" name="TC1_definition" data-provider="dp1" finished-at="2024-07-08T20:11:10Z" duration-ms="13979" status="PASS">
          <params>
            <param index="0">
              <value>
                <![CDATA[NS1]]>
              </value>
            </param>
            <param index="1">
              <value>
                <![CDATA[123]]>
              </value>
            </param>
          </params>
          <reporter-output>
          </reporter-output>
        </test-method> <!-- TC1_definition -->
        <test-method is-config="true" signature="BrowserClose()[pri:0, instance:org.netlife.webTestScripts.TC1@5f354bcf]" started-at="2024-07-08T20:11:10Z" name="BrowserClose" finished-at="2024-07-08T20:11:13Z" duration-ms="3145" status="PASS">
          <reporter-output>
          </reporter-output>
        </test-method> <!-- BrowserClose -->
      </class> <!-- org.netlife.webTestScripts.TC1 -->
    </test> <!-- Default test -->
  </suite> <!-- Default suite -->
</testng-results>
