<?xml version="1.0" encoding="UTF-8"?>
<!-- Generated by org.testng.reporters.JUnitXMLReporter -->
<testsuite ignored="0" hostname="WINAA20CC6M3" failures="0" tests="6" name="Default test" time="92.076" errors="0" timestamp="10 Mar 2025 02:55:08 GMT">
  <testcase classname="org.netlife.webTestScripts.WebLoginPageTestCases" name="forgotUserPass" time="10.926"/>
  <testcase classname="org.netlife.webTestScripts.WebLoginPageTestCases" name="getStrings" time="5.341"/>
  <testcase classname="org.netlife.webTestScripts.WebLoginPageTestCases" name="loginSuccess" time="9.461"/>
  <testcase classname="org.netlife.webTestScripts.WebLoginPageTestCases" name="loginSuccess" time="9.548"/>
  <testcase classname="org.netlife.webTestScripts.WebLoginPageTestCases" name="loginUnsuccess" time="11.544"/>
  <testcase classname="org.netlife.webTestScripts.WebLoginPageTestCases" name="termAndPolicies" time="19.853"/>
</testsuite> <!-- Default test -->
