<?xml version="1.0" encoding="UTF-8"?>
<!-- Generated by org.testng.reporters.JUnitXMLReporter -->
<testsuite ignored="5" hostname="WINAA20CC6M3" failures="0" tests="1" name="Default test" time="37.489" errors="0" timestamp="25 Feb 2025 01:52:46 GMT">
  <testcase classname="org.netlife.mobTestScripts.LoginPageTestCases" name="selecIdioma" time="21.125"/>
  <testcase classname="org.netlife.mobTestScripts.LoginPageTestCases" name="forgetPass" time="0.0">
    <ignored/>
  </testcase> <!-- forgetPass -->
  <testcase classname="org.netlife.mobTestScripts.LoginPageTestCases" name="getText" time="0.0">
    <ignored/>
  </testcase> <!-- getText -->
  <testcase classname="org.netlife.mobTestScripts.LoginPageTestCases" name="loginSuccess" time="0.0">
    <ignored/>
  </testcase> <!-- loginSuccess -->
  <testcase classname="org.netlife.mobTestScripts.LoginPageTestCases" name="termPoliticas" time="0.0">
    <ignored/>
  </testcase> <!-- termPoliticas -->
  <testcase classname="org.netlife.mobTestScripts.LoginPageTestCases" name="loginError" time="0.0">
    <ignored/>
  </testcase> <!-- loginError -->
</testsuite> <!-- Default test -->
